<?xml version="1.0" encoding="UTF-8"?>
<!-- Generated by org.testng.reporters.JUnitXMLReporter -->
<testsuite ignored="0" hostname="TechMs-MacBook-Pro.local" failures="0" tests="6" name="Default test" time="21.618" errors="0" timestamp="2022-03-16T18:04:22 PDT">
  <testcase classname="Tests.ShopTests" name="categoryClothes" time="4.49"/>
  <testcase classname="Tests.ShopTests" name="nineItemsPerPage" time="0.173"/>
  <testcase classname="Tests.ShopTests" name="productCategories" time="0.323"/>
  <testcase classname="Tests.ShopTests" name="recentViewedProducts" time="3.973"/>
  <testcase classname="Tests.ShopTests" name="searchErrorMessage" time="2.471"/>
  <testcase classname="Tests.ShopTests" name="searchProduct" time="2.04"/>
</testsuite> <!-- Default test -->
