<?xml version="1.0" encoding="UTF-8"?>
<!-- Generated by org.testng.reporters.JUnitXMLReporter -->
<testsuite ignored="15" hostname="TechMs-MacBook-Pro.local" failures="5" tests="5" name="Exercise4" time="0.083" errors="0" timestamp="2022-03-16T18:45:33 PDT">
  <testcase classname="Tests.CartTests" name="cartProducts" time="0.009">
    <failure type="java.lang.NullPointerException" message="Cannot read field &amp;quot;shopButton&amp;quot; because &amp;quot;this.home&amp;quot; is null">
      <![CDATA[java.lang.NullPointerException: Cannot read field "shopButton" because "this.home" is null
at Tests.CartTests.cartProducts(CartTests.java:46)
at java.base/java.util.ArrayList.forEach(ArrayList.java:1511)
... Removed 27 stack frames]]>
    </failure>
  </testcase> <!-- cartProducts -->
  <testcase classname="Tests.CartTests" name="checkOut" time="0.002">
    <failure type="java.lang.NullPointerException" message="Cannot read field &amp;quot;shopButton&amp;quot; because &amp;quot;this.home&amp;quot; is null">
      <![CDATA[java.lang.NullPointerException: Cannot read field "shopButton" because "this.home" is null
at Tests.CartTests.checkOut(CartTests.java:76)
at java.base/java.util.ArrayList.forEach(ArrayList.java:1511)
... Removed 27 stack frames]]>
    </failure>
  </testcase> <!-- checkOut -->
  <testcase classname="Tests.CartTests" name="productsFromCat" time="0.002">
    <failure type="java.lang.NullPointerException" message="Cannot read field &amp;quot;shopButton&amp;quot; because &amp;quot;this.home&amp;quot; is null">
      <![CDATA[java.lang.NullPointerException: Cannot read field "shopButton" because "this.home" is null
at Tests.CartTests.productsFromCat(CartTests.java:20)
at java.base/java.util.ArrayList.forEach(ArrayList.java:1511)
... Removed 27 stack frames]]>
    </failure>
  </testcase> <!-- productsFromCat -->
  <testcase classname="Tests.CartTests" name="productsFromSearch" time="0.001">
    <failure type="java.lang.NullPointerException" message="Cannot read field &amp;quot;shopButton&amp;quot; because &amp;quot;this.home&amp;quot; is null">
      <![CDATA[java.lang.NullPointerException: Cannot read field "shopButton" because "this.home" is null
at Tests.CartTests.productsFromSearch(CartTests.java:33)
at java.base/java.util.ArrayList.forEach(ArrayList.java:1511)
... Removed 27 stack frames]]>
    </failure>
  </testcase> <!-- productsFromSearch -->
  <testcase classname="Tests.CartTests" name="removeProduct" time="0.001">
    <failure type="java.lang.NullPointerException" message="Cannot read field &amp;quot;shopButton&amp;quot; because &amp;quot;this.home&amp;quot; is null">
      <![CDATA[java.lang.NullPointerException: Cannot read field "shopButton" because "this.home" is null
at Tests.CartTests.removeProduct(CartTests.java:60)
at java.base/java.util.ArrayList.forEach(ArrayList.java:1511)
... Removed 27 stack frames]]>
    </failure>
  </testcase> <!-- removeProduct -->
  <testcase classname="Tests.ContactTests" name="addressBox" time="0.0">
    <ignored/>
  </testcase> <!-- addressBox -->
  <testcase classname="Tests.ShopTests" name="nineItemsPerPage" time="0.0">
    <ignored/>
  </testcase> <!-- nineItemsPerPage -->
  <testcase classname="Tests.ShopTests" name="searchErrorMessage" time="0.0">
    <ignored/>
  </testcase> <!-- searchErrorMessage -->
  <testcase classname="Tests.ShopTests" name="searchProduct" time="0.0">
    <ignored/>
  </testcase> <!-- searchProduct -->
  <testcase classname="Tests.ContactTests" name="emailBox" time="0.0">
    <ignored/>
  </testcase> <!-- emailBox -->
  <testcase classname="Tests.ContactTests" name="emailField" time="0.0">
    <ignored/>
  </testcase> <!-- emailField -->
  <testcase classname="Tests.ContactTests" name="nameField" time="0.0">
    <ignored/>
  </testcase> <!-- nameField -->
  <testcase classname="Tests.ContactTests" name="phoneField" time="0.0">
    <ignored/>
  </testcase> <!-- phoneField -->
  <testcase classname="Tests.ContactTests" name="timeBox" time="0.0">
    <ignored/>
  </testcase> <!-- timeBox -->
  <testcase classname="Tests.ContactTests" name="phoneBox" time="0.0">
    <ignored/>
  </testcase> <!-- phoneBox -->
  <testcase classname="Tests.ContactTests" name="messageField" time="0.0">
    <ignored/>
  </testcase> <!-- messageField -->
  <testcase classname="Tests.ShopTests" name="productCategories" time="0.0">
    <ignored/>
  </testcase> <!-- productCategories -->
  <testcase classname="Tests.ShopTests" name="recentViewedProducts" time="0.0">
    <ignored/>
  </testcase> <!-- recentViewedProducts -->
  <testcase classname="Tests.ContactTests" name="callUsNow" time="0.0">
    <ignored/>
  </testcase> <!-- callUsNow -->
  <testcase classname="Tests.ShopTests" name="categoryClothes" time="0.0">
    <ignored/>
  </testcase> <!-- categoryClothes -->
</testsuite> <!-- Exercise4 -->
