<?xml version="1.0" encoding="UTF-8"?>
<!-- Generated by org.testng.reporters.JUnitXMLReporter -->
<testsuite ignored="2" hostname="TechMs-MacBook-Pro.local" failures="2" tests="20" name="Test" time="194.901" errors="0" timestamp="2022-03-16T21:05:17 PDT">
  <testcase classname="Tests.ContactTests" name="addressBox" time="2.776"/>
  <testcase classname="Tests.ContactTests" name="callUsNow" time="2.987">
    <failure type="java.lang.AssertionError">
      <![CDATA[java.lang.AssertionError: 
at Tests.ContactTests.callUsNow(ContactTests.java:56)
at java.base/java.util.ArrayList.forEach(ArrayList.java:1511)
... Removed 30 stack frames]]>
    </failure>
  </testcase> <!-- callUsNow -->
  <testcase classname="Tests.ContactTests" name="emailBox" time="2.674"/>
  <testcase classname="Tests.ContactTests" name="emailField" time="3.54"/>
  <testcase classname="Tests.ContactTests" name="messageField" time="6.354">
    <failure type="java.lang.AssertionError">
      <![CDATA[java.lang.AssertionError: 
at Tests.ContactTests.messageField(ContactTests.java:109)
at java.base/java.util.ArrayList.forEach(ArrayList.java:1511)
... Removed 31 stack frames]]>
    </failure>
  </testcase> <!-- messageField -->
  <testcase classname="Tests.ContactTests" name="nameField" time="5.213"/>
  <testcase classname="Tests.ContactTests" name="phoneBox" time="2.462"/>
  <testcase classname="Tests.ContactTests" name="phoneField" time="3.062"/>
  <testcase classname="Tests.ContactTests" name="timeBox" time="3.97"/>
  <testcase classname="Tests.ShopTests" name="categoryClothes" time="4.751"/>
  <testcase classname="Tests.ShopTests" name="nineItemsPerPage" time="2.215"/>
  <testcase classname="Tests.ShopTests" name="productCategories" time="2.164"/>
  <testcase classname="Tests.ShopTests" name="recentViewedProducts" time="7.152"/>
  <testcase classname="Tests.ShopTests" name="searchErrorMessage" time="4.453"/>
  <testcase classname="Tests.ShopTests" name="searchProduct" time="3.581"/>
  <testcase classname="Tests.CartTests" name="cartProducts" time="5.731"/>
  <testcase classname="Tests.CartTests" name="checkOut" time="8.019"/>
  <testcase classname="Tests.CartTests" name="productsFromCat" time="8.641"/>
  <testcase classname="Tests.CartTests" name="productsFromSearch" time="7.122"/>
  <testcase classname="Tests.CartTests" name="removeProduct" time="9.869"/>
  <testcase classname="Steps.Steps" name="@BeforeSuite report" time="0.0">
    <ignored/>
  </testcase> <!-- @BeforeSuite report -->
  <testcase classname="Steps.Steps" name="@BeforeSuite report" time="0.0">
    <ignored/>
  </testcase> <!-- @BeforeSuite report -->
</testsuite> <!-- Test -->
