<?xml version="1.0" encoding="UTF-8"?>
<testng-results ignored="0" total="9" passed="7" failed="2" skipped="0">
  <reporter-output>
  </reporter-output>
  <suite started-at="2022-03-15T15:26:39 PDT" name="Default suite" finished-at="2022-03-15T15:27:02 PDT" duration-ms="23746">
    <groups>
      <group name="ContactPage">
        <method signature="ContactTests.addressBox()[pri:0, instance:Tests.ContactTests@bef2d72]" name="addressBox" class="Tests.ContactTests"/>
        <method signature="ContactTests.callUsNow()[pri:0, instance:Tests.ContactTests@bef2d72]" name="callUsNow" class="Tests.ContactTests"/>
        <method signature="ContactTests.emailBox()[pri:0, instance:Tests.ContactTests@bef2d72]" name="emailBox" class="Tests.ContactTests"/>
        <method signature="ContactTests.emailField()[pri:0, instance:Tests.ContactTests@bef2d72]" name="emailField" class="Tests.ContactTests"/>
        <method signature="ContactTests.messageField()[pri:0, instance:Tests.ContactTests@bef2d72]" name="messageField" class="Tests.ContactTests"/>
        <method signature="ContactTests.nameField()[pri:0, instance:Tests.ContactTests@bef2d72]" name="nameField" class="Tests.ContactTests"/>
        <method signature="ContactTests.phoneBox()[pri:0, instance:Tests.ContactTests@bef2d72]" name="phoneBox" class="Tests.ContactTests"/>
        <method signature="ContactTests.phoneField()[pri:0, instance:Tests.ContactTests@bef2d72]" name="phoneField" class="Tests.ContactTests"/>
        <method signature="ContactTests.timeBox()[pri:0, instance:Tests.ContactTests@bef2d72]" name="timeBox" class="Tests.ContactTests"/>
      </group> <!-- ContactPage -->
    </groups>
    <test started-at="2022-03-15T15:26:39 PDT" name="Default test" finished-at="2022-03-15T15:27:02 PDT" duration-ms="23746">
      <class name="Tests.ContactTests">
        <test-method is-config="true" signature="setUp()[pri:0, instance:Tests.ContactTests@bef2d72]" started-at="2022-03-15T15:26:39 PDT" name="setUp" finished-at="2022-03-15T15:26:45 PDT" duration-ms="6761" status="PASS">
          <reporter-output>
          </reporter-output>
        </test-method> <!-- setUp -->
        <test-method signature="addressBox()[pri:0, instance:Tests.ContactTests@bef2d72]" started-at="2022-03-15T15:26:46 PDT" name="addressBox" finished-at="2022-03-15T15:26:48 PDT" duration-ms="2765" status="PASS">
          <reporter-output>
          </reporter-output>
        </test-method> <!-- addressBox -->
        <test-method signature="callUsNow()[pri:0, instance:Tests.ContactTests@bef2d72]" started-at="2022-03-15T15:26:48 PDT" name="callUsNow" finished-at="2022-03-15T15:26:49 PDT" duration-ms="934" status="FAIL">
          <exception class="java.lang.AssertionError">
            <full-stacktrace>
              <![CDATA[java.lang.AssertionError: 
at org.testng.AssertJUnit.fail(AssertJUnit.java:65)
at org.testng.AssertJUnit.assertTrue(AssertJUnit.java:23)
at org.testng.AssertJUnit.assertTrue(AssertJUnit.java:33)
at Tests.ContactTests.callUsNow(ContactTests.java:56)
at java.base/jdk.internal.reflect.NativeMethodAccessorImpl.invoke0(Native Method)
at java.base/jdk.internal.reflect.NativeMethodAccessorImpl.invoke(NativeMethodAccessorImpl.java:77)
at java.base/jdk.internal.reflect.DelegatingMethodAccessorImpl.invoke(DelegatingMethodAccessorImpl.java:43)
at java.base/java.lang.reflect.Method.invoke(Method.java:568)
at org.testng.internal.MethodInvocationHelper.invokeMethod(MethodInvocationHelper.java:133)
at org.testng.internal.TestInvoker.invokeMethod(TestInvoker.java:598)
at org.testng.internal.TestInvoker.invokeTestMethod(TestInvoker.java:173)
at org.testng.internal.MethodRunner.runInSequence(MethodRunner.java:46)
at org.testng.internal.TestInvoker$MethodInvocationAgent.invoke(TestInvoker.java:824)
at org.testng.internal.TestInvoker.invokeTestMethods(TestInvoker.java:146)
at org.testng.internal.TestMethodWorker.invokeTestMethods(TestMethodWorker.java:146)
at org.testng.internal.TestMethodWorker.run(TestMethodWorker.java:128)
at java.base/java.util.ArrayList.forEach(ArrayList.java:1511)
at org.testng.TestRunner.privateRun(TestRunner.java:794)
at org.testng.TestRunner.run(TestRunner.java:596)
at org.testng.SuiteRunner.runTest(SuiteRunner.java:377)
at org.testng.SuiteRunner.runSequentially(SuiteRunner.java:371)
at org.testng.SuiteRunner.privateRun(SuiteRunner.java:332)
at org.testng.SuiteRunner.run(SuiteRunner.java:276)
at org.testng.SuiteRunnerWorker.runSuite(SuiteRunnerWorker.java:53)
at org.testng.SuiteRunnerWorker.run(SuiteRunnerWorker.java:96)
at org.testng.TestNG.runSuitesSequentially(TestNG.java:1212)
at org.testng.TestNG.runSuitesLocally(TestNG.java:1134)
at org.testng.TestNG.runSuites(TestNG.java:1063)
at org.testng.TestNG.run(TestNG.java:1031)
at org.testng.remote.AbstractRemoteTestNG.run(AbstractRemoteTestNG.java:115)
at org.testng.remote.RemoteTestNG.initAndRun(RemoteTestNG.java:251)
at org.testng.remote.RemoteTestNG.main(RemoteTestNG.java:77)
]]>
            </full-stacktrace>
          </exception> <!-- java.lang.AssertionError -->
          <reporter-output>
          </reporter-output>
        </test-method> <!-- callUsNow -->
        <test-method signature="emailBox()[pri:0, instance:Tests.ContactTests@bef2d72]" started-at="2022-03-15T15:26:49 PDT" name="emailBox" finished-at="2022-03-15T15:26:50 PDT" duration-ms="640" status="PASS">
          <reporter-output>
          </reporter-output>
        </test-method> <!-- emailBox -->
        <test-method signature="emailField()[pri:0, instance:Tests.ContactTests@bef2d72]" started-at="2022-03-15T15:26:50 PDT" name="emailField" finished-at="2022-03-15T15:26:52 PDT" duration-ms="1886" status="PASS">
          <reporter-output>
          </reporter-output>
        </test-method> <!-- emailField -->
        <test-method signature="messageField()[pri:0, instance:Tests.ContactTests@bef2d72]" started-at="2022-03-15T15:26:52 PDT" name="messageField" finished-at="2022-03-15T15:26:55 PDT" duration-ms="3642" status="FAIL">
          <exception class="java.lang.AssertionError">
            <full-stacktrace>
              <![CDATA[java.lang.AssertionError: 
at org.testng.AssertJUnit.fail(AssertJUnit.java:65)
at org.testng.AssertJUnit.assertTrue(AssertJUnit.java:23)
at org.testng.AssertJUnit.assertFalse(AssertJUnit.java:44)
at org.testng.AssertJUnit.assertFalse(AssertJUnit.java:53)
at Tests.ContactTests.messageField(ContactTests.java:109)
at java.base/jdk.internal.reflect.NativeMethodAccessorImpl.invoke0(Native Method)
at java.base/jdk.internal.reflect.NativeMethodAccessorImpl.invoke(NativeMethodAccessorImpl.java:77)
at java.base/jdk.internal.reflect.DelegatingMethodAccessorImpl.invoke(DelegatingMethodAccessorImpl.java:43)
at java.base/java.lang.reflect.Method.invoke(Method.java:568)
at org.testng.internal.MethodInvocationHelper.invokeMethod(MethodInvocationHelper.java:133)
at org.testng.internal.TestInvoker.invokeMethod(TestInvoker.java:598)
at org.testng.internal.TestInvoker.invokeTestMethod(TestInvoker.java:173)
at org.testng.internal.MethodRunner.runInSequence(MethodRunner.java:46)
at org.testng.internal.TestInvoker$MethodInvocationAgent.invoke(TestInvoker.java:824)
at org.testng.internal.TestInvoker.invokeTestMethods(TestInvoker.java:146)
at org.testng.internal.TestMethodWorker.invokeTestMethods(TestMethodWorker.java:146)
at org.testng.internal.TestMethodWorker.run(TestMethodWorker.java:128)
at java.base/java.util.ArrayList.forEach(ArrayList.java:1511)
at org.testng.TestRunner.privateRun(TestRunner.java:794)
at org.testng.TestRunner.run(TestRunner.java:596)
at org.testng.SuiteRunner.runTest(SuiteRunner.java:377)
at org.testng.SuiteRunner.runSequentially(SuiteRunner.java:371)
at org.testng.SuiteRunner.privateRun(SuiteRunner.java:332)
at org.testng.SuiteRunner.run(SuiteRunner.java:276)
at org.testng.SuiteRunnerWorker.runSuite(SuiteRunnerWorker.java:53)
at org.testng.SuiteRunnerWorker.run(SuiteRunnerWorker.java:96)
at org.testng.TestNG.runSuitesSequentially(TestNG.java:1212)
at org.testng.TestNG.runSuitesLocally(TestNG.java:1134)
at org.testng.TestNG.runSuites(TestNG.java:1063)
at org.testng.TestNG.run(TestNG.java:1031)
at org.testng.remote.AbstractRemoteTestNG.run(AbstractRemoteTestNG.java:115)
at org.testng.remote.RemoteTestNG.initAndRun(RemoteTestNG.java:251)
at org.testng.remote.RemoteTestNG.main(RemoteTestNG.java:77)
]]>
            </full-stacktrace>
          </exception> <!-- java.lang.AssertionError -->
          <reporter-output>
          </reporter-output>
        </test-method> <!-- messageField -->
        <test-method signature="nameField()[pri:0, instance:Tests.ContactTests@bef2d72]" started-at="2022-03-15T15:26:55 PDT" name="nameField" finished-at="2022-03-15T15:27:00 PDT" duration-ms="4621" status="PASS">
          <reporter-output>
          </reporter-output>
        </test-method> <!-- nameField -->
        <test-method signature="phoneBox()[pri:0, instance:Tests.ContactTests@bef2d72]" started-at="2022-03-15T15:27:00 PDT" name="phoneBox" finished-at="2022-03-15T15:27:01 PDT" duration-ms="619" status="PASS">
          <reporter-output>
          </reporter-output>
        </test-method> <!-- phoneBox -->
        <test-method signature="phoneField()[pri:0, instance:Tests.ContactTests@bef2d72]" started-at="2022-03-15T15:27:01 PDT" name="phoneField" finished-at="2022-03-15T15:27:02 PDT" duration-ms="947" status="PASS">
          <reporter-output>
          </reporter-output>
        </test-method> <!-- phoneField -->
        <test-method signature="timeBox()[pri:0, instance:Tests.ContactTests@bef2d72]" started-at="2022-03-15T15:27:02 PDT" name="timeBox" finished-at="2022-03-15T15:27:02 PDT" duration-ms="752" status="PASS">
          <reporter-output>
          </reporter-output>
        </test-method> <!-- timeBox -->
        <test-method is-config="true" signature="tearDown()[pri:0, instance:Tests.ContactTests@bef2d72]" started-at="2022-03-15T15:27:02 PDT" name="tearDown" finished-at="2022-03-15T15:27:02 PDT" duration-ms="145" status="PASS">
          <reporter-output>
          </reporter-output>
        </test-method> <!-- tearDown -->
      </class> <!-- Tests.ContactTests -->
    </test> <!-- Default test -->
  </suite> <!-- Default suite -->
</testng-results>
